[2023-03-0720:29:01] [ ERROR] [OdontologoDaoH2:39] Error al crear la tabla en la base de datos
org.h2.jdbc.JdbcSQLSyntaxErrorException: Error de Sintaxis en sentencia SQL "[*]INIT=RUNSCRIPT FROM 'create.sql'"; se esperaba "INSERT"
Syntax error in SQL statement "[*]INIT=RUNSCRIPT FROM 'create.sql'"; expected "INSERT"; SQL statement:
INIT=RUNSCRIPT FROM 'create.sql' [42001-214]
	at org.h2.message.DbException.getJdbcSQLException(DbException.java:502)
	at org.h2.message.DbException.getJdbcSQLException(DbException.java:477)
	at org.h2.message.DbException.getSyntaxError(DbException.java:261)
	at org.h2.command.Parser.getSyntaxError(Parser.java:900)
	at org.h2.command.Parser.parsePrepared(Parser.java:866)
	at org.h2.command.Parser.parse(Parser.java:689)
	at org.h2.command.Parser.parse(Parser.java:666)
	at org.h2.command.Parser.prepareCommand(Parser.java:569)
	at org.h2.engine.SessionLocal.prepareLocal(SessionLocal.java:631)
	at org.h2.command.CommandList.executeRemaining(CommandList.java:53)
	at org.h2.command.CommandList.update(CommandList.java:66)
	at org.h2.command.Command.executeUpdate(Command.java:252)
	at org.h2.jdbc.JdbcPreparedStatement.execute(JdbcPreparedStatement.java:254)
	at main.com.company.dao.impl.OdontologoDaoH2.crearTB(OdontologoDaoH2.java:33)
	at main.com.company.service.OdontologoService.createTB(OdontologoService.java:29)
	at main.com.company.Main.main(Main.java:20)
[2023-03-0720:29:01] [ ERROR] [OdontologoDaoH2:59] Error al agregar odontologo
org.h2.jdbc.JdbcSQLSyntaxErrorException: Table "ODONTOLOGOS" not found (this database is empty); SQL statement:
INSERT INTO odontologos (id, apellido, nombre, matricula) VALUES (?, ?, ?, ?) [42104-214]
	at org.h2.message.DbException.getJdbcSQLException(DbException.java:502)
	at org.h2.message.DbException.getJdbcSQLException(DbException.java:477)
	at org.h2.message.DbException.get(DbException.java:223)
	at org.h2.message.DbException.get(DbException.java:199)
	at org.h2.command.Parser.getTableOrViewNotFoundDbException(Parser.java:8385)
	at org.h2.command.Parser.getTableOrViewNotFoundDbException(Parser.java:8369)
	at org.h2.command.Parser.readTableOrView(Parser.java:8358)
	at org.h2.command.Parser.readTableOrView(Parser.java:8328)
	at org.h2.command.Parser.parseInsert(Parser.java:1632)
	at org.h2.command.Parser.parsePrepared(Parser.java:814)
	at org.h2.command.Parser.parse(Parser.java:689)
	at org.h2.command.Parser.parse(Parser.java:661)
	at org.h2.command.Parser.prepareCommand(Parser.java:569)
	at org.h2.engine.SessionLocal.prepareLocal(SessionLocal.java:631)
	at org.h2.engine.SessionLocal.prepareCommand(SessionLocal.java:554)
	at org.h2.jdbc.JdbcConnection.prepareCommand(JdbcConnection.java:1116)
	at org.h2.jdbc.JdbcPreparedStatement.<init>(JdbcPreparedStatement.java:92)
	at org.h2.jdbc.JdbcConnection.prepareStatement(JdbcConnection.java:288)
	at main.com.company.dao.impl.OdontologoDaoH2.getPreparedStatement(OdontologoDaoH2.java:24)
	at main.com.company.dao.impl.OdontologoDaoH2.agregar(OdontologoDaoH2.java:47)
	at main.com.company.dao.impl.OdontologoDaoH2.agregar(OdontologoDaoH2.java:14)
	at main.com.company.service.OdontologoService.agregarOdontologo(OdontologoService.java:37)
	at main.com.company.Main.main(Main.java:22)
[2023-03-0720:29:01] [ ERROR] [OdontologoDaoH2:59] Error al agregar odontologo
org.h2.jdbc.JdbcSQLSyntaxErrorException: Table "ODONTOLOGOS" not found (this database is empty); SQL statement:
INSERT INTO odontologos (id, apellido, nombre, matricula) VALUES (?, ?, ?, ?) [42104-214]
	at org.h2.message.DbException.getJdbcSQLException(DbException.java:502)
	at org.h2.message.DbException.getJdbcSQLException(DbException.java:477)
	at org.h2.message.DbException.get(DbException.java:223)
	at org.h2.message.DbException.get(DbException.java:199)
	at org.h2.command.Parser.getTableOrViewNotFoundDbException(Parser.java:8385)
	at org.h2.command.Parser.getTableOrViewNotFoundDbException(Parser.java:8369)
	at org.h2.command.Parser.readTableOrView(Parser.java:8358)
	at org.h2.command.Parser.readTableOrView(Parser.java:8328)
	at org.h2.command.Parser.parseInsert(Parser.java:1632)
	at org.h2.command.Parser.parsePrepared(Parser.java:814)
	at org.h2.command.Parser.parse(Parser.java:689)
	at org.h2.command.Parser.parse(Parser.java:661)
	at org.h2.command.Parser.prepareCommand(Parser.java:569)
	at org.h2.engine.SessionLocal.prepareLocal(SessionLocal.java:631)
	at org.h2.engine.SessionLocal.prepareCommand(SessionLocal.java:554)
	at org.h2.jdbc.JdbcConnection.prepareCommand(JdbcConnection.java:1116)
	at org.h2.jdbc.JdbcPreparedStatement.<init>(JdbcPreparedStatement.java:92)
	at org.h2.jdbc.JdbcConnection.prepareStatement(JdbcConnection.java:288)
	at main.com.company.dao.impl.OdontologoDaoH2.getPreparedStatement(OdontologoDaoH2.java:24)
	at main.com.company.dao.impl.OdontologoDaoH2.agregar(OdontologoDaoH2.java:47)
	at main.com.company.dao.impl.OdontologoDaoH2.agregar(OdontologoDaoH2.java:14)
	at main.com.company.service.OdontologoService.agregarOdontologo(OdontologoService.java:37)
	at main.com.company.Main.main(Main.java:23)
[2023-03-0720:29:01] [ ERROR] [OdontologoDaoH2:95] Error al listar los odontologos
org.h2.jdbc.JdbcSQLSyntaxErrorException: Table "ODONTOLOGOS" not found (this database is empty); SQL statement:
SELECT * FROM odontologos [42104-214]
	at org.h2.message.DbException.getJdbcSQLException(DbException.java:502)
	at org.h2.message.DbException.getJdbcSQLException(DbException.java:477)
	at org.h2.message.DbException.get(DbException.java:223)
	at org.h2.message.DbException.get(DbException.java:199)
	at org.h2.command.Parser.getTableOrViewNotFoundDbException(Parser.java:8385)
	at org.h2.command.Parser.getTableOrViewNotFoundDbException(Parser.java:8369)
	at org.h2.command.Parser.readTableOrView(Parser.java:8358)
	at org.h2.command.Parser.readTablePrimary(Parser.java:1863)
	at org.h2.command.Parser.readTableReference(Parser.java:2334)
	at org.h2.command.Parser.parseSelectFromPart(Parser.java:2772)
	at org.h2.command.Parser.parseSelect(Parser.java:2878)
	at org.h2.command.Parser.parseQueryPrimary(Parser.java:2762)
	at org.h2.command.Parser.parseQueryTerm(Parser.java:2633)
	at org.h2.command.Parser.parseQueryExpressionBody(Parser.java:2612)
	at org.h2.command.Parser.parseQueryExpressionBodyAndEndOfQuery(Parser.java:2605)
	at org.h2.command.Parser.parseQueryExpression(Parser.java:2598)
	at org.h2.command.Parser.parseQuery(Parser.java:2567)
	at org.h2.command.Parser.parsePrepared(Parser.java:724)
	at org.h2.command.Parser.parse(Parser.java:689)
	at org.h2.command.Parser.parse(Parser.java:661)
	at org.h2.command.Parser.prepareCommand(Parser.java:569)
	at org.h2.engine.SessionLocal.prepareLocal(SessionLocal.java:631)
	at org.h2.engine.SessionLocal.prepareCommand(SessionLocal.java:554)
	at org.h2.jdbc.JdbcConnection.prepareCommand(JdbcConnection.java:1116)
	at org.h2.jdbc.JdbcPreparedStatement.<init>(JdbcPreparedStatement.java:92)
	at org.h2.jdbc.JdbcConnection.prepareStatement(JdbcConnection.java:288)
	at main.com.company.dao.impl.OdontologoDaoH2.getPreparedStatement(OdontologoDaoH2.java:24)
	at main.com.company.dao.impl.OdontologoDaoH2.listar(OdontologoDaoH2.java:81)
	at main.com.company.service.OdontologoService.listarOdontologos(OdontologoService.java:33)
	at main.com.company.Main.main(Main.java:27)
[2023-03-0721:01:41] [ INFO ] [OdontologoDaoH2:32] Se creo la tabla en la Base de datos
[2023-03-0721:02:32] [ INFO ] [OdontologoDaoH2:32] Se creo la tabla en la Base de datos
[2023-03-0721:11:59] [ INFO ] [OdontologoDaoH2:31] Se creo la tabla en la Base de datos
[2023-03-0721:22:01] [ INFO ] [OdontologoDaoH2:36] Se creo la tabla en la Base de datos
[2023-03-0721:22:01] [ ERROR] [OdontologoDaoH2:59] Error al agregar odontologo
org.h2.jdbc.JdbcSQLSyntaxErrorException: Table "ODONTOLOGOS" not found (this database is empty); SQL statement:
INSERT INTO odontologos (id, apellido, nombre, matricula) VALUES (?, ?, ?, ?) [42104-214]
	at org.h2.message.DbException.getJdbcSQLException(DbException.java:502)
	at org.h2.message.DbException.getJdbcSQLException(DbException.java:477)
	at org.h2.message.DbException.get(DbException.java:223)
	at org.h2.message.DbException.get(DbException.java:199)
	at org.h2.command.Parser.getTableOrViewNotFoundDbException(Parser.java:8385)
	at org.h2.command.Parser.getTableOrViewNotFoundDbException(Parser.java:8369)
	at org.h2.command.Parser.readTableOrView(Parser.java:8358)
	at org.h2.command.Parser.readTableOrView(Parser.java:8328)
	at org.h2.command.Parser.parseInsert(Parser.java:1632)
	at org.h2.command.Parser.parsePrepared(Parser.java:814)
	at org.h2.command.Parser.parse(Parser.java:689)
	at org.h2.command.Parser.parse(Parser.java:661)
	at org.h2.command.Parser.prepareCommand(Parser.java:569)
	at org.h2.engine.SessionLocal.prepareLocal(SessionLocal.java:631)
	at org.h2.engine.SessionLocal.prepareCommand(SessionLocal.java:554)
	at org.h2.jdbc.JdbcConnection.prepareCommand(JdbcConnection.java:1116)
	at org.h2.jdbc.JdbcPreparedStatement.<init>(JdbcPreparedStatement.java:92)
	at org.h2.jdbc.JdbcConnection.prepareStatement(JdbcConnection.java:288)
	at main.com.company.dao.impl.OdontologoDaoH2.getPreparedStatement(OdontologoDaoH2.java:29)
	at main.com.company.dao.impl.OdontologoDaoH2.agregar(OdontologoDaoH2.java:47)
	at main.com.company.dao.impl.OdontologoDaoH2.agregar(OdontologoDaoH2.java:14)
	at main.com.company.service.OdontologoService.agregarOdontologo(OdontologoService.java:37)
	at main.com.company.Main.main(Main.java:22)
[2023-03-0721:22:01] [ ERROR] [OdontologoDaoH2:59] Error al agregar odontologo
org.h2.jdbc.JdbcSQLSyntaxErrorException: Table "ODONTOLOGOS" not found (this database is empty); SQL statement:
INSERT INTO odontologos (id, apellido, nombre, matricula) VALUES (?, ?, ?, ?) [42104-214]
	at org.h2.message.DbException.getJdbcSQLException(DbException.java:502)
	at org.h2.message.DbException.getJdbcSQLException(DbException.java:477)
	at org.h2.message.DbException.get(DbException.java:223)
	at org.h2.message.DbException.get(DbException.java:199)
	at org.h2.command.Parser.getTableOrViewNotFoundDbException(Parser.java:8385)
	at org.h2.command.Parser.getTableOrViewNotFoundDbException(Parser.java:8369)
	at org.h2.command.Parser.readTableOrView(Parser.java:8358)
	at org.h2.command.Parser.readTableOrView(Parser.java:8328)
	at org.h2.command.Parser.parseInsert(Parser.java:1632)
	at org.h2.command.Parser.parsePrepared(Parser.java:814)
	at org.h2.command.Parser.parse(Parser.java:689)
	at org.h2.command.Parser.parse(Parser.java:661)
	at org.h2.command.Parser.prepareCommand(Parser.java:569)
	at org.h2.engine.SessionLocal.prepareLocal(SessionLocal.java:631)
	at org.h2.engine.SessionLocal.prepareCommand(SessionLocal.java:554)
	at org.h2.jdbc.JdbcConnection.prepareCommand(JdbcConnection.java:1116)
	at org.h2.jdbc.JdbcPreparedStatement.<init>(JdbcPreparedStatement.java:92)
	at org.h2.jdbc.JdbcConnection.prepareStatement(JdbcConnection.java:288)
	at main.com.company.dao.impl.OdontologoDaoH2.getPreparedStatement(OdontologoDaoH2.java:29)
	at main.com.company.dao.impl.OdontologoDaoH2.agregar(OdontologoDaoH2.java:47)
	at main.com.company.dao.impl.OdontologoDaoH2.agregar(OdontologoDaoH2.java:14)
	at main.com.company.service.OdontologoService.agregarOdontologo(OdontologoService.java:37)
	at main.com.company.Main.main(Main.java:23)
[2023-03-0721:22:01] [ ERROR] [OdontologoDaoH2:95] Error al listar los odontologos
org.h2.jdbc.JdbcSQLSyntaxErrorException: Table "ODONTOLOGOS" not found (this database is empty); SQL statement:
SELECT * FROM odontologos [42104-214]
	at org.h2.message.DbException.getJdbcSQLException(DbException.java:502)
	at org.h2.message.DbException.getJdbcSQLException(DbException.java:477)
	at org.h2.message.DbException.get(DbException.java:223)
	at org.h2.message.DbException.get(DbException.java:199)
	at org.h2.command.Parser.getTableOrViewNotFoundDbException(Parser.java:8385)
	at org.h2.command.Parser.getTableOrViewNotFoundDbException(Parser.java:8369)
	at org.h2.command.Parser.readTableOrView(Parser.java:8358)
	at org.h2.command.Parser.readTablePrimary(Parser.java:1863)
	at org.h2.command.Parser.readTableReference(Parser.java:2334)
	at org.h2.command.Parser.parseSelectFromPart(Parser.java:2772)
	at org.h2.command.Parser.parseSelect(Parser.java:2878)
	at org.h2.command.Parser.parseQueryPrimary(Parser.java:2762)
	at org.h2.command.Parser.parseQueryTerm(Parser.java:2633)
	at org.h2.command.Parser.parseQueryExpressionBody(Parser.java:2612)
	at org.h2.command.Parser.parseQueryExpressionBodyAndEndOfQuery(Parser.java:2605)
	at org.h2.command.Parser.parseQueryExpression(Parser.java:2598)
	at org.h2.command.Parser.parseQuery(Parser.java:2567)
	at org.h2.command.Parser.parsePrepared(Parser.java:724)
	at org.h2.command.Parser.parse(Parser.java:689)
	at org.h2.command.Parser.parse(Parser.java:661)
	at org.h2.command.Parser.prepareCommand(Parser.java:569)
	at org.h2.engine.SessionLocal.prepareLocal(SessionLocal.java:631)
	at org.h2.engine.SessionLocal.prepareCommand(SessionLocal.java:554)
	at org.h2.jdbc.JdbcConnection.prepareCommand(JdbcConnection.java:1116)
	at org.h2.jdbc.JdbcPreparedStatement.<init>(JdbcPreparedStatement.java:92)
	at org.h2.jdbc.JdbcConnection.prepareStatement(JdbcConnection.java:288)
	at main.com.company.dao.impl.OdontologoDaoH2.getPreparedStatement(OdontologoDaoH2.java:29)
	at main.com.company.dao.impl.OdontologoDaoH2.listar(OdontologoDaoH2.java:81)
	at main.com.company.service.OdontologoService.listarOdontologos(OdontologoService.java:33)
	at main.com.company.Main.main(Main.java:27)
[2023-03-0721:30:59] [ ERROR] [OdontologoDaoH2:41] Error al crear la tabla en la base de datos
org.h2.jdbc.JdbcSQLSyntaxErrorException: Error de Sintaxis en sentencia SQL "INIT=RUNSCRIPT FROM [*]'create.sql"
Syntax error in SQL statement "INIT=RUNSCRIPT FROM [*]'create.sql"; SQL statement:
INIT=RUNSCRIPT FROM 'create.sql [42000-214]
	at org.h2.message.DbException.getJdbcSQLException(DbException.java:502)
	at org.h2.message.DbException.getJdbcSQLException(DbException.java:477)
	at org.h2.message.DbException.get(DbException.java:223)
	at org.h2.message.DbException.get(DbException.java:199)
	at org.h2.message.DbException.getSyntaxError(DbException.java:247)
	at org.h2.command.Tokenizer.readCharacterString(Tokenizer.java:1098)
	at org.h2.command.Tokenizer.tokenize(Tokenizer.java:226)
	at org.h2.command.Parser.initialize(Parser.java:5877)
	at org.h2.command.Parser.parse(Parser.java:657)
	at org.h2.command.Parser.prepareCommand(Parser.java:569)
	at org.h2.engine.SessionLocal.prepareLocal(SessionLocal.java:631)
	at org.h2.engine.SessionLocal.prepareCommand(SessionLocal.java:554)
	at org.h2.jdbc.JdbcConnection.prepareCommand(JdbcConnection.java:1116)
	at org.h2.jdbc.JdbcPreparedStatement.<init>(JdbcPreparedStatement.java:92)
	at org.h2.jdbc.JdbcConnection.prepareStatement(JdbcConnection.java:288)
	at main.com.company.dao.impl.OdontologoDaoH2.crearTB(OdontologoDaoH2.java:37)
	at main.com.company.service.OdontologoService.createTB(OdontologoService.java:29)
	at main.com.company.Main.main(Main.java:20)
[2023-03-0721:30:59] [ ERROR] [OdontologoDaoH2:61] Error al agregar odontologo
org.h2.jdbc.JdbcSQLSyntaxErrorException: Table "ODONTOLOGOS" not found (this database is empty); SQL statement:
INSERT INTO odontologos (id, apellido, nombre, matricula) VALUES (?, ?, ?, ?) [42104-214]
	at org.h2.message.DbException.getJdbcSQLException(DbException.java:502)
	at org.h2.message.DbException.getJdbcSQLException(DbException.java:477)
	at org.h2.message.DbException.get(DbException.java:223)
	at org.h2.message.DbException.get(DbException.java:199)
	at org.h2.command.Parser.getTableOrViewNotFoundDbException(Parser.java:8385)
	at org.h2.command.Parser.getTableOrViewNotFoundDbException(Parser.java:8369)
	at org.h2.command.Parser.readTableOrView(Parser.java:8358)
	at org.h2.command.Parser.readTableOrView(Parser.java:8328)
	at org.h2.command.Parser.parseInsert(Parser.java:1632)
	at org.h2.command.Parser.parsePrepared(Parser.java:814)
	at org.h2.command.Parser.parse(Parser.java:689)
	at org.h2.command.Parser.parse(Parser.java:661)
	at org.h2.command.Parser.prepareCommand(Parser.java:569)
	at org.h2.engine.SessionLocal.prepareLocal(SessionLocal.java:631)
	at org.h2.engine.SessionLocal.prepareCommand(SessionLocal.java:554)
	at org.h2.jdbc.JdbcConnection.prepareCommand(JdbcConnection.java:1116)
	at org.h2.jdbc.JdbcPreparedStatement.<init>(JdbcPreparedStatement.java:92)
	at org.h2.jdbc.JdbcConnection.prepareStatement(JdbcConnection.java:288)
	at main.com.company.dao.impl.OdontologoDaoH2.getPreparedStatement(OdontologoDaoH2.java:29)
	at main.com.company.dao.impl.OdontologoDaoH2.agregar(OdontologoDaoH2.java:49)
	at main.com.company.dao.impl.OdontologoDaoH2.agregar(OdontologoDaoH2.java:14)
	at main.com.company.service.OdontologoService.agregarOdontologo(OdontologoService.java:37)
	at main.com.company.Main.main(Main.java:22)
[2023-03-0721:30:59] [ ERROR] [OdontologoDaoH2:61] Error al agregar odontologo
org.h2.jdbc.JdbcSQLSyntaxErrorException: Table "ODONTOLOGOS" not found (this database is empty); SQL statement:
INSERT INTO odontologos (id, apellido, nombre, matricula) VALUES (?, ?, ?, ?) [42104-214]
	at org.h2.message.DbException.getJdbcSQLException(DbException.java:502)
	at org.h2.message.DbException.getJdbcSQLException(DbException.java:477)
	at org.h2.message.DbException.get(DbException.java:223)
	at org.h2.message.DbException.get(DbException.java:199)
	at org.h2.command.Parser.getTableOrViewNotFoundDbException(Parser.java:8385)
	at org.h2.command.Parser.getTableOrViewNotFoundDbException(Parser.java:8369)
	at org.h2.command.Parser.readTableOrView(Parser.java:8358)
	at org.h2.command.Parser.readTableOrView(Parser.java:8328)
	at org.h2.command.Parser.parseInsert(Parser.java:1632)
	at org.h2.command.Parser.parsePrepared(Parser.java:814)
	at org.h2.command.Parser.parse(Parser.java:689)
	at org.h2.command.Parser.parse(Parser.java:661)
	at org.h2.command.Parser.prepareCommand(Parser.java:569)
	at org.h2.engine.SessionLocal.prepareLocal(SessionLocal.java:631)
	at org.h2.engine.SessionLocal.prepareCommand(SessionLocal.java:554)
	at org.h2.jdbc.JdbcConnection.prepareCommand(JdbcConnection.java:1116)
	at org.h2.jdbc.JdbcPreparedStatement.<init>(JdbcPreparedStatement.java:92)
	at org.h2.jdbc.JdbcConnection.prepareStatement(JdbcConnection.java:288)
	at main.com.company.dao.impl.OdontologoDaoH2.getPreparedStatement(OdontologoDaoH2.java:29)
	at main.com.company.dao.impl.OdontologoDaoH2.agregar(OdontologoDaoH2.java:49)
	at main.com.company.dao.impl.OdontologoDaoH2.agregar(OdontologoDaoH2.java:14)
	at main.com.company.service.OdontologoService.agregarOdontologo(OdontologoService.java:37)
	at main.com.company.Main.main(Main.java:23)
[2023-03-0721:30:59] [ ERROR] [OdontologoDaoH2:97] Error al listar los odontologos
org.h2.jdbc.JdbcSQLSyntaxErrorException: Table "ODONTOLOGOS" not found (this database is empty); SQL statement:
SELECT * FROM odontologos [42104-214]
	at org.h2.message.DbException.getJdbcSQLException(DbException.java:502)
	at org.h2.message.DbException.getJdbcSQLException(DbException.java:477)
	at org.h2.message.DbException.get(DbException.java:223)
	at org.h2.message.DbException.get(DbException.java:199)
	at org.h2.command.Parser.getTableOrViewNotFoundDbException(Parser.java:8385)
	at org.h2.command.Parser.getTableOrViewNotFoundDbException(Parser.java:8369)
	at org.h2.command.Parser.readTableOrView(Parser.java:8358)
	at org.h2.command.Parser.readTablePrimary(Parser.java:1863)
	at org.h2.command.Parser.readTableReference(Parser.java:2334)
	at org.h2.command.Parser.parseSelectFromPart(Parser.java:2772)
	at org.h2.command.Parser.parseSelect(Parser.java:2878)
	at org.h2.command.Parser.parseQueryPrimary(Parser.java:2762)
	at org.h2.command.Parser.parseQueryTerm(Parser.java:2633)
	at org.h2.command.Parser.parseQueryExpressionBody(Parser.java:2612)
	at org.h2.command.Parser.parseQueryExpressionBodyAndEndOfQuery(Parser.java:2605)
	at org.h2.command.Parser.parseQueryExpression(Parser.java:2598)
	at org.h2.command.Parser.parseQuery(Parser.java:2567)
	at org.h2.command.Parser.parsePrepared(Parser.java:724)
	at org.h2.command.Parser.parse(Parser.java:689)
	at org.h2.command.Parser.parse(Parser.java:661)
	at org.h2.command.Parser.prepareCommand(Parser.java:569)
	at org.h2.engine.SessionLocal.prepareLocal(SessionLocal.java:631)
	at org.h2.engine.SessionLocal.prepareCommand(SessionLocal.java:554)
	at org.h2.jdbc.JdbcConnection.prepareCommand(JdbcConnection.java:1116)
	at org.h2.jdbc.JdbcPreparedStatement.<init>(JdbcPreparedStatement.java:92)
	at org.h2.jdbc.JdbcConnection.prepareStatement(JdbcConnection.java:288)
	at main.com.company.dao.impl.OdontologoDaoH2.getPreparedStatement(OdontologoDaoH2.java:29)
	at main.com.company.dao.impl.OdontologoDaoH2.listar(OdontologoDaoH2.java:83)
	at main.com.company.service.OdontologoService.listarOdontologos(OdontologoService.java:33)
	at main.com.company.Main.main(Main.java:27)
[2023-03-0721:31:53] [ INFO ] [OdontologoDaoH2:37] Se creo la tabla en la Base de datos
[2023-03-0721:31:53] [ ERROR] [OdontologoDaoH2:60] Error al agregar odontologo
org.h2.jdbc.JdbcSQLSyntaxErrorException: Table "ODONTOLOGOS" not found (this database is empty); SQL statement:
INSERT INTO odontologos (id, apellido, nombre, matricula) VALUES (?, ?, ?, ?) [42104-214]
	at org.h2.message.DbException.getJdbcSQLException(DbException.java:502)
	at org.h2.message.DbException.getJdbcSQLException(DbException.java:477)
	at org.h2.message.DbException.get(DbException.java:223)
	at org.h2.message.DbException.get(DbException.java:199)
	at org.h2.command.Parser.getTableOrViewNotFoundDbException(Parser.java:8385)
	at org.h2.command.Parser.getTableOrViewNotFoundDbException(Parser.java:8369)
	at org.h2.command.Parser.readTableOrView(Parser.java:8358)
	at org.h2.command.Parser.readTableOrView(Parser.java:8328)
	at org.h2.command.Parser.parseInsert(Parser.java:1632)
	at org.h2.command.Parser.parsePrepared(Parser.java:814)
	at org.h2.command.Parser.parse(Parser.java:689)
	at org.h2.command.Parser.parse(Parser.java:661)
	at org.h2.command.Parser.prepareCommand(Parser.java:569)
	at org.h2.engine.SessionLocal.prepareLocal(SessionLocal.java:631)
	at org.h2.engine.SessionLocal.prepareCommand(SessionLocal.java:554)
	at org.h2.jdbc.JdbcConnection.prepareCommand(JdbcConnection.java:1116)
	at org.h2.jdbc.JdbcPreparedStatement.<init>(JdbcPreparedStatement.java:92)
	at org.h2.jdbc.JdbcConnection.prepareStatement(JdbcConnection.java:288)
	at main.com.company.dao.impl.OdontologoDaoH2.getPreparedStatement(OdontologoDaoH2.java:29)
	at main.com.company.dao.impl.OdontologoDaoH2.agregar(OdontologoDaoH2.java:48)
	at main.com.company.dao.impl.OdontologoDaoH2.agregar(OdontologoDaoH2.java:14)
	at main.com.company.service.OdontologoService.agregarOdontologo(OdontologoService.java:37)
	at main.com.company.Main.main(Main.java:22)
[2023-03-0721:31:53] [ ERROR] [OdontologoDaoH2:60] Error al agregar odontologo
org.h2.jdbc.JdbcSQLSyntaxErrorException: Table "ODONTOLOGOS" not found (this database is empty); SQL statement:
INSERT INTO odontologos (id, apellido, nombre, matricula) VALUES (?, ?, ?, ?) [42104-214]
	at org.h2.message.DbException.getJdbcSQLException(DbException.java:502)
	at org.h2.message.DbException.getJdbcSQLException(DbException.java:477)
	at org.h2.message.DbException.get(DbException.java:223)
	at org.h2.message.DbException.get(DbException.java:199)
	at org.h2.command.Parser.getTableOrViewNotFoundDbException(Parser.java:8385)
	at org.h2.command.Parser.getTableOrViewNotFoundDbException(Parser.java:8369)
	at org.h2.command.Parser.readTableOrView(Parser.java:8358)
	at org.h2.command.Parser.readTableOrView(Parser.java:8328)
	at org.h2.command.Parser.parseInsert(Parser.java:1632)
	at org.h2.command.Parser.parsePrepared(Parser.java:814)
	at org.h2.command.Parser.parse(Parser.java:689)
	at org.h2.command.Parser.parse(Parser.java:661)
	at org.h2.command.Parser.prepareCommand(Parser.java:569)
	at org.h2.engine.SessionLocal.prepareLocal(SessionLocal.java:631)
	at org.h2.engine.SessionLocal.prepareCommand(SessionLocal.java:554)
	at org.h2.jdbc.JdbcConnection.prepareCommand(JdbcConnection.java:1116)
	at org.h2.jdbc.JdbcPreparedStatement.<init>(JdbcPreparedStatement.java:92)
	at org.h2.jdbc.JdbcConnection.prepareStatement(JdbcConnection.java:288)
	at main.com.company.dao.impl.OdontologoDaoH2.getPreparedStatement(OdontologoDaoH2.java:29)
	at main.com.company.dao.impl.OdontologoDaoH2.agregar(OdontologoDaoH2.java:48)
	at main.com.company.dao.impl.OdontologoDaoH2.agregar(OdontologoDaoH2.java:14)
	at main.com.company.service.OdontologoService.agregarOdontologo(OdontologoService.java:37)
	at main.com.company.Main.main(Main.java:23)
[2023-03-0721:31:53] [ ERROR] [OdontologoDaoH2:96] Error al listar los odontologos
org.h2.jdbc.JdbcSQLSyntaxErrorException: Table "ODONTOLOGOS" not found (this database is empty); SQL statement:
SELECT * FROM odontologos [42104-214]
	at org.h2.message.DbException.getJdbcSQLException(DbException.java:502)
	at org.h2.message.DbException.getJdbcSQLException(DbException.java:477)
	at org.h2.message.DbException.get(DbException.java:223)
	at org.h2.message.DbException.get(DbException.java:199)
	at org.h2.command.Parser.getTableOrViewNotFoundDbException(Parser.java:8385)
	at org.h2.command.Parser.getTableOrViewNotFoundDbException(Parser.java:8369)
	at org.h2.command.Parser.readTableOrView(Parser.java:8358)
	at org.h2.command.Parser.readTablePrimary(Parser.java:1863)
	at org.h2.command.Parser.readTableReference(Parser.java:2334)
	at org.h2.command.Parser.parseSelectFromPart(Parser.java:2772)
	at org.h2.command.Parser.parseSelect(Parser.java:2878)
	at org.h2.command.Parser.parseQueryPrimary(Parser.java:2762)
	at org.h2.command.Parser.parseQueryTerm(Parser.java:2633)
	at org.h2.command.Parser.parseQueryExpressionBody(Parser.java:2612)
	at org.h2.command.Parser.parseQueryExpressionBodyAndEndOfQuery(Parser.java:2605)
	at org.h2.command.Parser.parseQueryExpression(Parser.java:2598)
	at org.h2.command.Parser.parseQuery(Parser.java:2567)
	at org.h2.command.Parser.parsePrepared(Parser.java:724)
	at org.h2.command.Parser.parse(Parser.java:689)
	at org.h2.command.Parser.parse(Parser.java:661)
	at org.h2.command.Parser.prepareCommand(Parser.java:569)
	at org.h2.engine.SessionLocal.prepareLocal(SessionLocal.java:631)
	at org.h2.engine.SessionLocal.prepareCommand(SessionLocal.java:554)
	at org.h2.jdbc.JdbcConnection.prepareCommand(JdbcConnection.java:1116)
	at org.h2.jdbc.JdbcPreparedStatement.<init>(JdbcPreparedStatement.java:92)
	at org.h2.jdbc.JdbcConnection.prepareStatement(JdbcConnection.java:288)
	at main.com.company.dao.impl.OdontologoDaoH2.getPreparedStatement(OdontologoDaoH2.java:29)
	at main.com.company.dao.impl.OdontologoDaoH2.listar(OdontologoDaoH2.java:82)
	at main.com.company.service.OdontologoService.listarOdontologos(OdontologoService.java:33)
	at main.com.company.Main.main(Main.java:27)
[2023-03-0721:34:25] [ INFO ] [OdontologoDaoH2:37] Se creo la tabla en la Base de datos
[2023-03-0721:34:25] [ ERROR] [OdontologoDaoH2:60] Error al agregar odontologo
org.h2.jdbc.JdbcSQLSyntaxErrorException: Table "ODONTOLOGOS" not found (this database is empty); SQL statement:
INSERT INTO odontologos (id, apellido, nombre, matricula) VALUES (?, ?, ?, ?) [42104-214]
	at org.h2.message.DbException.getJdbcSQLException(DbException.java:502)
	at org.h2.message.DbException.getJdbcSQLException(DbException.java:477)
	at org.h2.message.DbException.get(DbException.java:223)
	at org.h2.message.DbException.get(DbException.java:199)
	at org.h2.command.Parser.getTableOrViewNotFoundDbException(Parser.java:8385)
	at org.h2.command.Parser.getTableOrViewNotFoundDbException(Parser.java:8369)
	at org.h2.command.Parser.readTableOrView(Parser.java:8358)
	at org.h2.command.Parser.readTableOrView(Parser.java:8328)
	at org.h2.command.Parser.parseInsert(Parser.java:1632)
	at org.h2.command.Parser.parsePrepared(Parser.java:814)
	at org.h2.command.Parser.parse(Parser.java:689)
	at org.h2.command.Parser.parse(Parser.java:661)
	at org.h2.command.Parser.prepareCommand(Parser.java:569)
	at org.h2.engine.SessionLocal.prepareLocal(SessionLocal.java:631)
	at org.h2.engine.SessionLocal.prepareCommand(SessionLocal.java:554)
	at org.h2.jdbc.JdbcConnection.prepareCommand(JdbcConnection.java:1116)
	at org.h2.jdbc.JdbcPreparedStatement.<init>(JdbcPreparedStatement.java:92)
	at org.h2.jdbc.JdbcConnection.prepareStatement(JdbcConnection.java:288)
	at main.com.company.dao.impl.OdontologoDaoH2.getPreparedStatement(OdontologoDaoH2.java:29)
	at main.com.company.dao.impl.OdontologoDaoH2.agregar(OdontologoDaoH2.java:48)
	at main.com.company.dao.impl.OdontologoDaoH2.agregar(OdontologoDaoH2.java:14)
	at main.com.company.service.OdontologoService.agregarOdontologo(OdontologoService.java:37)
	at main.com.company.Main.main(Main.java:22)
[2023-03-0721:34:25] [ ERROR] [OdontologoDaoH2:60] Error al agregar odontologo
org.h2.jdbc.JdbcSQLSyntaxErrorException: Table "ODONTOLOGOS" not found (this database is empty); SQL statement:
INSERT INTO odontologos (id, apellido, nombre, matricula) VALUES (?, ?, ?, ?) [42104-214]
	at org.h2.message.DbException.getJdbcSQLException(DbException.java:502)
	at org.h2.message.DbException.getJdbcSQLException(DbException.java:477)
	at org.h2.message.DbException.get(DbException.java:223)
	at org.h2.message.DbException.get(DbException.java:199)
	at org.h2.command.Parser.getTableOrViewNotFoundDbException(Parser.java:8385)
	at org.h2.command.Parser.getTableOrViewNotFoundDbException(Parser.java:8369)
	at org.h2.command.Parser.readTableOrView(Parser.java:8358)
	at org.h2.command.Parser.readTableOrView(Parser.java:8328)
	at org.h2.command.Parser.parseInsert(Parser.java:1632)
	at org.h2.command.Parser.parsePrepared(Parser.java:814)
	at org.h2.command.Parser.parse(Parser.java:689)
	at org.h2.command.Parser.parse(Parser.java:661)
	at org.h2.command.Parser.prepareCommand(Parser.java:569)
	at org.h2.engine.SessionLocal.prepareLocal(SessionLocal.java:631)
	at org.h2.engine.SessionLocal.prepareCommand(SessionLocal.java:554)
	at org.h2.jdbc.JdbcConnection.prepareCommand(JdbcConnection.java:1116)
	at org.h2.jdbc.JdbcPreparedStatement.<init>(JdbcPreparedStatement.java:92)
	at org.h2.jdbc.JdbcConnection.prepareStatement(JdbcConnection.java:288)
	at main.com.company.dao.impl.OdontologoDaoH2.getPreparedStatement(OdontologoDaoH2.java:29)
	at main.com.company.dao.impl.OdontologoDaoH2.agregar(OdontologoDaoH2.java:48)
	at main.com.company.dao.impl.OdontologoDaoH2.agregar(OdontologoDaoH2.java:14)
	at main.com.company.service.OdontologoService.agregarOdontologo(OdontologoService.java:37)
	at main.com.company.Main.main(Main.java:23)
[2023-03-0721:34:25] [ ERROR] [OdontologoDaoH2:96] Error al listar los odontologos
org.h2.jdbc.JdbcSQLSyntaxErrorException: Table "ODONTOLOGOS" not found (this database is empty); SQL statement:
SELECT * FROM odontologos [42104-214]
	at org.h2.message.DbException.getJdbcSQLException(DbException.java:502)
	at org.h2.message.DbException.getJdbcSQLException(DbException.java:477)
	at org.h2.message.DbException.get(DbException.java:223)
	at org.h2.message.DbException.get(DbException.java:199)
	at org.h2.command.Parser.getTableOrViewNotFoundDbException(Parser.java:8385)
	at org.h2.command.Parser.getTableOrViewNotFoundDbException(Parser.java:8369)
	at org.h2.command.Parser.readTableOrView(Parser.java:8358)
	at org.h2.command.Parser.readTablePrimary(Parser.java:1863)
	at org.h2.command.Parser.readTableReference(Parser.java:2334)
	at org.h2.command.Parser.parseSelectFromPart(Parser.java:2772)
	at org.h2.command.Parser.parseSelect(Parser.java:2878)
	at org.h2.command.Parser.parseQueryPrimary(Parser.java:2762)
	at org.h2.command.Parser.parseQueryTerm(Parser.java:2633)
	at org.h2.command.Parser.parseQueryExpressionBody(Parser.java:2612)
	at org.h2.command.Parser.parseQueryExpressionBodyAndEndOfQuery(Parser.java:2605)
	at org.h2.command.Parser.parseQueryExpression(Parser.java:2598)
	at org.h2.command.Parser.parseQuery(Parser.java:2567)
	at org.h2.command.Parser.parsePrepared(Parser.java:724)
	at org.h2.command.Parser.parse(Parser.java:689)
	at org.h2.command.Parser.parse(Parser.java:661)
	at org.h2.command.Parser.prepareCommand(Parser.java:569)
	at org.h2.engine.SessionLocal.prepareLocal(SessionLocal.java:631)
	at org.h2.engine.SessionLocal.prepareCommand(SessionLocal.java:554)
	at org.h2.jdbc.JdbcConnection.prepareCommand(JdbcConnection.java:1116)
	at org.h2.jdbc.JdbcPreparedStatement.<init>(JdbcPreparedStatement.java:92)
	at org.h2.jdbc.JdbcConnection.prepareStatement(JdbcConnection.java:288)
	at main.com.company.dao.impl.OdontologoDaoH2.getPreparedStatement(OdontologoDaoH2.java:29)
	at main.com.company.dao.impl.OdontologoDaoH2.listar(OdontologoDaoH2.java:82)
	at main.com.company.service.OdontologoService.listarOdontologos(OdontologoService.java:33)
	at main.com.company.Main.main(Main.java:27)
[2023-03-0721:36:54] [ INFO ] [OdontologoDaoH2:37] Se creo la tabla en la Base de datos
[2023-03-0721:36:54] [ INFO ] [OdontologoDaoH2:54] Odontologo 1 agregado
[2023-03-0721:36:54] [ INFO ] [OdontologoDaoH2:54] Odontologo 2 agregado
[2023-03-0721:40:26] [ INFO ] [OdontologoDaoH2:37] Se creo la tabla en la Base de datos
[2023-03-0721:40:26] [ INFO ] [OdontologoDaoH2:54] Odontologo 1 agregado
[2023-03-0721:40:26] [ INFO ] [OdontologoDaoH2:54] Odontologo 2 agregado
[2023-03-0721:41:50] [ INFO ] [OdontologoDaoH2:37] Se creo la tabla en la Base de datos
[2023-03-0721:41:50] [ INFO ] [OdontologoDaoH2:54] Odontologo 1 agregado
[2023-03-0721:41:50] [ INFO ] [OdontologoDaoH2:54] Odontologo 2 agregado
[2023-03-0721:58:29] [ INFO ] [OdontologoDaoH2:52] Se creo la tabla en la Base de datos
[2023-03-0721:58:29] [ INFO ] [OdontologoDaoH2:69] Odontologo 1 agregado
[2023-03-0721:58:29] [ INFO ] [OdontologoDaoH2:69] Odontologo 2 agregado
[2023-03-0722:00:38] [ INFO ] [OdontologoDaoH2:52] Se creo la Base de datos y se ejecuto el script
[2023-03-0722:00:38] [ INFO ] [OdontologoDaoH2:69] Odontologo 1 agregado
[2023-03-0722:00:38] [ INFO ] [OdontologoDaoH2:69] Odontologo 2 agregado
[2023-03-0722:34:53] [ INFO ] [OdontologoDaoH2:52] Odontologo 3 agregado
[2023-03-0722:34:53] [ INFO ] [OdontologoDaoH2:52] Odontologo 4 agregado
[2023-03-0722:34:53] [ INFO ] [OdontologoDaoH2:52] Odontologo 5 agregado
[2023-03-0722:34:53] [ INFO ] [OdontologoDaoH2:52] Odontologo 6 agregado
